<?xml version="1.0" encoding="utf-8" standalone="no"?>
<!--This file represents the results of running a test suite-->
<test-results name="C:\Projects\GitHub\Configuratinator-3000\src\Configuratinator3000.Tests\Configuratinator3000.Tests.nunit" total="1" errors="1" failures="0" not-run="0" inconclusive="0" ignored="0" skipped="0" invalid="0" date="2011-12-23" time="08:30:40">
  <environment nunit-version="2.5.10.11092" clr-version="2.0.50727.5448" os-version="Microsoft Windows NT 6.1.7601 Service Pack 1" platform="Win32NT" cwd="C:\Projects\GitHub\Configuratinator-3000\src\Configuratinator3000.Tests" machine-name="DMBCDT4Q1LT" user="jason.mead" user-domain="FCSTONE" />
  <culture-info current-culture="en-US" current-uiculture="en-US" />
  <test-suite type="Project" name="C:\Projects\GitHub\Configuratinator-3000\src\Configuratinator3000.Tests\Configuratinator3000.Tests.nunit" executed="True" result="Failure" success="False" time="0.003" asserts="0">
    <results>
      <test-suite type="Assembly" name="C:\Projects\GitHub\Configuratinator-3000\src\Configuratinator3000.Tests\bin\Configuratinator3000.Tests.dll" executed="True" result="Failure" success="False" time="0.003" asserts="0">
        <results>
          <test-suite type="Namespace" name="Configuratinator3000" executed="True" result="Failure" success="False" time="0.002" asserts="0">
            <results>
              <test-suite type="Namespace" name="Tests" executed="True" result="Failure" success="False" time="0.002" asserts="0">
                <results>
                  <test-suite type="Namespace" name="ConfigTests" executed="True" result="Failure" success="False" time="0.002" asserts="0">
                    <results>
                      <test-suite type="TestFixture" name="WhenLoadIsCalled" executed="True" result="Failure" success="False" time="0.002" asserts="0">
                        <results>
                          <test-case name="Configuratinator3000.Tests.ConfigTests.WhenLoadIsCalled.Should_Load_All_IConfig_Classes_in_Bin" executed="True" result="Error" success="False" time="0.000" asserts="0">
                            <failure>
                              <message><![CDATA[System.ArgumentNullException : Value cannot be null.
Parameter name: source]]></message>
                              <stack-trace><![CDATA[at System.Linq.Enumerable.Count[TSource](IEnumerable`1 source)
at Configuratinator3000.Tests.ConfigTests.WhenLoadIsCalled.Should_Load_All_IConfig_Classes_in_Bin() in C:\Projects\GitHub\Configuratinator-3000\src\Configuratinator3000.Tests\ConfigTests\WhenLoadIsCalled.cs:line 43
]]></stack-trace>
                            </failure>
                          </test-case>
                        </results>
                      </test-suite>
                    </results>
                  </test-suite>
                </results>
              </test-suite>
            </results>
          </test-suite>
        </results>
      </test-suite>
    </results>
  </test-suite>
</test-results>